Total remplacements appliqués: 36
  '\\bequipe\\b'                           -> 'équipe'                 : 1
  '\\bequipes\\b'                          -> 'équipes'                : 1
  '\\bdonnees\\b'                          -> 'données'                : 1
  '\\bchiffrees\\b'                        -> 'chiffrées'              : 1
  '\\bchiffree\\b'                         -> 'chiffrée'               : 1
  '\\breponse\\b'                          -> 'réponse'                : 1
  '\\breponses\\b'                         -> 'réponses'               : 3
  '\\bresultat\\b'                         -> 'résultat'               : 1
  '\\bdemarre\\b'                          -> 'démarre'                : 1
  '\\bapres\\b'                            -> 'après'                  : 1
  '\\bpremiere\\b'                         -> 'première'               : 1
  '\\bmeme\\b'                             -> 'même'                   : 3
  '\\bmemes\\b'                            -> 'mêmes'                  : 1
  '\\bcontenue?s?\\b'                      -> 'contenu'                : 4
  '\\bmesure\\b'                           -> 'mesuré'                 : 3
  '\\bpilote\\b'                           -> 'pilote'                 : 2
  '\\bsecurise\\b'                         -> 'sécurisé'               : 1
  '\\bsemaine\\b'                          -> 'semaine'                : 3
  '\\bestimation\\b'                       -> 'estimation'             : 2
  '\\bdiagnostic\\b'                       -> 'diagnostic'             : 3
  '\\bautorite\\b'                         -> 'autorité'               : 1

Fichier sauvegarde en UTF-8 sans BOM: C:\Users\spare\Desktop\Créateur de Slides x Storytelling\build_audit-perf-site-velura.js
